{
  "RSpec": {
    "coverage": {
      "/Users/wertermeira/Documents/Trabalhos/tests/todolist/app/helpers/application_helper.rb": {
        "lines": [
          1,
          null
        ]
      },
      "/Users/wertermeira/Documents/Trabalhos/tests/todolist/app/models/todo_list.rb": {
        "lines": [
          1,
          1,
          null,
          1,
          1,
          null
        ]
      },
      "/Users/wertermeira/Documents/Trabalhos/tests/todolist/app/models/application_record.rb": {
        "lines": [
          1,
          1,
          null
        ]
      },
      "/Users/wertermeira/Documents/Trabalhos/tests/todolist/app/controllers/application_controller.rb": {
        "lines": [
          0,
          0
        ],
        "branches": {
        }
      },
      "/Users/wertermeira/Documents/Trabalhos/tests/todolist/app/jobs/application_job.rb": {
        "lines": [
          0,
          null,
          null,
          null,
          null,
          null,
          0
        ],
        "branches": {
        }
      }
    },
    "timestamp": 1639682476
  }
}
